Started GET "/" for ::1 at 2020-12-17 16:09:42 +0530
  
ActiveRecord::ConnectionNotEstablished (FATAL:  role "root" does not exist
):
  
activerecord (6.1.0) lib/active_record/connection_adapters/postgresql_adapter.rb:83:in `rescue in new_client'
activerecord (6.1.0) lib/active_record/connection_adapters/postgresql_adapter.rb:77:in `new_client'
activerecord (6.1.0) lib/active_record/connection_adapters/postgresql_adapter.rb:37:in `postgresql_connection'
activerecord (6.1.0) lib/active_record/connection_adapters/abstract/connection_pool.rb:882:in `public_send'
activerecord (6.1.0) lib/active_record/connection_adapters/abstract/connection_pool.rb:882:in `new_connection'
activerecord (6.1.0) lib/active_record/connection_adapters/abstract/connection_pool.rb:926:in `checkout_new_connection'
activerecord (6.1.0) lib/active_record/connection_adapters/abstract/connection_pool.rb:905:in `try_to_checkout_new_connection'
activerecord (6.1.0) lib/active_record/connection_adapters/abstract/connection_pool.rb:866:in `acquire_connection'
activerecord (6.1.0) lib/active_record/connection_adapters/abstract/connection_pool.rb:588:in `checkout'
activerecord (6.1.0) lib/active_record/connection_adapters/abstract/connection_pool.rb:428:in `connection'
activerecord (6.1.0) lib/active_record/connection_adapters/abstract/connection_pool.rb:1128:in `retrieve_connection'
activerecord (6.1.0) lib/active_record/connection_handling.rb:319:in `retrieve_connection'
activerecord (6.1.0) lib/active_record/connection_handling.rb:275:in `connection'
activerecord (6.1.0) lib/active_record/migration.rb:611:in `connection'
activerecord (6.1.0) lib/active_record/migration.rb:606:in `build_watcher'
activerecord (6.1.0) lib/active_record/migration.rb:588:in `block in call'
activerecord (6.1.0) lib/active_record/migration.rb:587:in `synchronize'
activerecord (6.1.0) lib/active_record/migration.rb:587:in `call'
actionpack (6.1.0) lib/action_dispatch/middleware/callbacks.rb:27:in `block in call'
activesupport (6.1.0) lib/active_support/callbacks.rb:98:in `run_callbacks'
actionpack (6.1.0) lib/action_dispatch/middleware/callbacks.rb:26:in `call'
actionpack (6.1.0) lib/action_dispatch/middleware/executor.rb:14:in `call'
actionpack (6.1.0) lib/action_dispatch/middleware/actionable_exceptions.rb:18:in `call'
actionpack (6.1.0) lib/action_dispatch/middleware/debug_exceptions.rb:29:in `call'
web-console (4.1.0) lib/web_console/middleware.rb:132:in `call_app'
web-console (4.1.0) lib/web_console/middleware.rb:28:in `block in call'
web-console (4.1.0) lib/web_console/middleware.rb:17:in `catch'
web-console (4.1.0) lib/web_console/middleware.rb:17:in `call'
actionpack (6.1.0) lib/action_dispatch/middleware/show_exceptions.rb:33:in `call'
railties (6.1.0) lib/rails/rack/logger.rb:37:in `call_app'
railties (6.1.0) lib/rails/rack/logger.rb:26:in `block in call'
activesupport (6.1.0) lib/active_support/tagged_logging.rb:99:in `block in tagged'
activesupport (6.1.0) lib/active_support/tagged_logging.rb:37:in `tagged'
activesupport (6.1.0) lib/active_support/tagged_logging.rb:99:in `tagged'
railties (6.1.0) lib/rails/rack/logger.rb:26:in `call'
sprockets-rails (3.2.2) lib/sprockets/rails/quiet_assets.rb:13:in `call'
actionpack (6.1.0) lib/action_dispatch/middleware/remote_ip.rb:81:in `call'
actionpack (6.1.0) lib/action_dispatch/middleware/request_id.rb:26:in `call'
rack (2.2.3) lib/rack/method_override.rb:24:in `call'
rack (2.2.3) lib/rack/runtime.rb:22:in `call'
activesupport (6.1.0) lib/active_support/cache/strategy/local_cache_middleware.rb:29:in `call'
actionpack (6.1.0) lib/action_dispatch/middleware/executor.rb:14:in `call'
actionpack (6.1.0) lib/action_dispatch/middleware/static.rb:24:in `call'
rack (2.2.3) lib/rack/sendfile.rb:110:in `call'
actionpack (6.1.0) lib/action_dispatch/middleware/host_authorization.rb:98:in `call'
rack-mini-profiler (2.2.0) lib/mini_profiler/profiler.rb:368:in `call'
webpacker (5.2.1) lib/webpacker/dev_server_proxy.rb:25:in `perform_request'
rack-proxy (0.6.5) lib/rack/proxy.rb:57:in `call'
railties (6.1.0) lib/rails/engine.rb:539:in `call'
puma (5.1.1) lib/puma/configuration.rb:246:in `call'
puma (5.1.1) lib/puma/request.rb:76:in `block in handle_request'
puma (5.1.1) lib/puma/thread_pool.rb:337:in `with_force_shutdown'
puma (5.1.1) lib/puma/request.rb:75:in `handle_request'
puma (5.1.1) lib/puma/server.rb:431:in `process_client'
puma (5.1.1) lib/puma/thread_pool.rb:145:in `block in spawn_thread'
  [1m[35m (364.6ms)[0m  [1m[35mCREATE DATABASE "open_flights_development" ENCODING = 'unicode'[0m
  [1m[35m (116.3ms)[0m  [1m[35mCREATE DATABASE "open_flights_test" ENCODING = 'unicode'[0m
  [1m[35m (20.1ms)[0m  [1m[35mCREATE TABLE "schema_migrations" ("version" character varying NOT NULL PRIMARY KEY)[0m
  [1m[35m (41.4ms)[0m  [1m[35mCREATE TABLE "ar_internal_metadata" ("key" character varying NOT NULL PRIMARY KEY, "value" character varying, "created_at" timestamp(6) NOT NULL, "updated_at" timestamp(6) NOT NULL)[0m
  [1m[35m (0.4ms)[0m  [1m[34mSELECT pg_try_advisory_lock(6955072516161093450)[0m
  [1m[35m (0.7ms)[0m  [1m[34mSELECT "schema_migrations"."version" FROM "schema_migrations" ORDER BY "schema_migrations"."version" ASC[0m
Migrating to CreateAirlines (20201217190008)
  [1m[36mTRANSACTION (0.2ms)[0m  [1m[35mBEGIN[0m
  [1m[35m (28.7ms)[0m  [1m[35mCREATE TABLE "airlines" ("id" bigserial primary key, "name" character varying, "image_url" character varying, "slug" character varying, "created_at" timestamp(6) NOT NULL, "updated_at" timestamp(6) NOT NULL)[0m
  [1m[36mActiveRecord::SchemaMigration Create (0.9ms)[0m  [1m[32mINSERT INTO "schema_migrations" ("version") VALUES ($1) RETURNING "version"[0m  [["version", "20201217190008"]]
  [1m[36mTRANSACTION (2.1ms)[0m  [1m[35mCOMMIT[0m
Migrating to CreateReviews (20201217190107)
  [1m[36mTRANSACTION (6.4ms)[0m  [1m[35mBEGIN[0m
  [1m[35m (31.0ms)[0m  [1m[35mCREATE TABLE "reviews" ("id" bigserial primary key, "title" character varying, "description" character varying, "score" integer, "airline_id" bigint NOT NULL, "created_at" timestamp(6) NOT NULL, "updated_at" timestamp(6) NOT NULL, CONSTRAINT "fk_rails_3a3d57cfdb"
FOREIGN KEY ("airline_id")
  REFERENCES "airlines" ("id")
)[0m
  [1m[35m (11.2ms)[0m  [1m[35mCREATE INDEX "index_reviews_on_airline_id" ON "reviews" ("airline_id")[0m
  [1m[36mActiveRecord::SchemaMigration Create (0.5ms)[0m  [1m[32mINSERT INTO "schema_migrations" ("version") VALUES ($1) RETURNING "version"[0m  [["version", "20201217190107"]]
  [1m[36mTRANSACTION (1.4ms)[0m  [1m[35mCOMMIT[0m
  [1m[36mActiveRecord::InternalMetadata Load (0.6ms)[0m  [1m[34mSELECT "ar_internal_metadata".* FROM "ar_internal_metadata" WHERE "ar_internal_metadata"."key" = $1 LIMIT $2[0m  [["key", "environment"], ["LIMIT", 1]]
  [1m[36mTRANSACTION (10.8ms)[0m  [1m[35mBEGIN[0m
  [1m[36mActiveRecord::InternalMetadata Create (3.5ms)[0m  [1m[32mINSERT INTO "ar_internal_metadata" ("key", "value", "created_at", "updated_at") VALUES ($1, $2, $3, $4) RETURNING "key"[0m  [["key", "environment"], ["value", "development"], ["created_at", "2020-12-17 19:02:57.081437"], ["updated_at", "2020-12-17 19:02:57.081437"]]
  [1m[36mTRANSACTION (7.7ms)[0m  [1m[35mCOMMIT[0m
  [1m[35m (0.6ms)[0m  [1m[34mSELECT pg_advisory_unlock(6955072516161093450)[0m
  [1m[35m (1.4ms)[0m  [1m[34mSELECT "schema_migrations"."version" FROM "schema_migrations" ORDER BY "schema_migrations"."version" ASC[0m
  [1m[35m (0.8ms)[0m  [1m[34mSELECT "schema_migrations"."version" FROM "schema_migrations" ORDER BY "schema_migrations"."version" ASC[0m
  [1m[35m (0.7ms)[0m  [1m[34mSELECT "schema_migrations"."version" FROM "schema_migrations" ORDER BY "schema_migrations"."version" ASC[0m
  [1m[36mTRANSACTION (0.2ms)[0m  [1m[35mBEGIN[0m
  [1m[36mAirline Create (14.8ms)[0m  [1m[32mINSERT INTO "airlines" ("name", "image_url", "slug", "created_at", "updated_at") VALUES ($1, $2, $3, $4, $5) RETURNING "id"[0m  [["name", "United Airlines"], ["image_url", "https://open-flights.s3.amazonaws.com/United-Airlines.png"], ["slug", "united-airlines"], ["created_at", "2020-12-17 19:14:15.040474"], ["updated_at", "2020-12-17 19:14:15.040474"]]
  [1m[36mTRANSACTION (9.6ms)[0m  [1m[35mCOMMIT[0m
  [1m[36mTRANSACTION (0.2ms)[0m  [1m[35mBEGIN[0m
  [1m[36mAirline Create (0.5ms)[0m  [1m[32mINSERT INTO "airlines" ("name", "image_url", "slug", "created_at", "updated_at") VALUES ($1, $2, $3, $4, $5) RETURNING "id"[0m  [["name", "Southwest"], ["image_url", "https://open-flights.s3.amazonaws.com/Southwest-Airlines.png"], ["slug", "southwest"], ["created_at", "2020-12-17 19:14:15.093513"], ["updated_at", "2020-12-17 19:14:15.093513"]]
  [1m[36mTRANSACTION (1.4ms)[0m  [1m[35mCOMMIT[0m
  [1m[36mTRANSACTION (0.2ms)[0m  [1m[35mBEGIN[0m
  [1m[36mAirline Create (0.4ms)[0m  [1m[32mINSERT INTO "airlines" ("name", "image_url", "slug", "created_at", "updated_at") VALUES ($1, $2, $3, $4, $5) RETURNING "id"[0m  [["name", "Delta"], ["image_url", "https://open-flights.s3.amazonaws.com/Delta.png"], ["slug", "delta"], ["created_at", "2020-12-17 19:14:15.101793"], ["updated_at", "2020-12-17 19:14:15.101793"]]
  [1m[36mTRANSACTION (1.3ms)[0m  [1m[35mCOMMIT[0m
  [1m[36mTRANSACTION (0.2ms)[0m  [1m[35mBEGIN[0m
  [1m[36mAirline Create (0.3ms)[0m  [1m[32mINSERT INTO "airlines" ("name", "image_url", "slug", "created_at", "updated_at") VALUES ($1, $2, $3, $4, $5) RETURNING "id"[0m  [["name", "Alaska Airlines"], ["image_url", "https://open-flights.s3.amazonaws.com/Alaska-Airlines.png"], ["slug", "alaska-airlines"], ["created_at", "2020-12-17 19:14:15.108709"], ["updated_at", "2020-12-17 19:14:15.108709"]]
  [1m[36mTRANSACTION (1.3ms)[0m  [1m[35mCOMMIT[0m
  [1m[36mTRANSACTION (0.2ms)[0m  [1m[35mBEGIN[0m
  [1m[36mAirline Create (0.3ms)[0m  [1m[32mINSERT INTO "airlines" ("name", "image_url", "slug", "created_at", "updated_at") VALUES ($1, $2, $3, $4, $5) RETURNING "id"[0m  [["name", "JetBlue"], ["image_url", "https://open-flights.s3.amazonaws.com/JetBlue.png"], ["slug", "jetblue"], ["created_at", "2020-12-17 19:14:15.130775"], ["updated_at", "2020-12-17 19:14:15.130775"]]
  [1m[36mTRANSACTION (1.4ms)[0m  [1m[35mCOMMIT[0m
  [1m[36mTRANSACTION (0.2ms)[0m  [1m[35mBEGIN[0m
  [1m[36mAirline Create (0.3ms)[0m  [1m[32mINSERT INTO "airlines" ("name", "image_url", "slug", "created_at", "updated_at") VALUES ($1, $2, $3, $4, $5) RETURNING "id"[0m  [["name", "American Airlines"], ["image_url", "https://open-flights.s3.amazonaws.com/American-Airlines.png"], ["slug", "american-airlines"], ["created_at", "2020-12-17 19:14:15.136006"], ["updated_at", "2020-12-17 19:14:15.136006"]]
  [1m[36mTRANSACTION (1.2ms)[0m  [1m[35mCOMMIT[0m
  [1m[36mTRANSACTION (0.1ms)[0m  [1m[35mBEGIN[0m
  [1m[36mReview Create (22.4ms)[0m  [1m[32mINSERT INTO "reviews" ("title", "description", "score", "airline_id", "created_at", "updated_at") VALUES ($1, $2, $3, $4, $5, $6) RETURNING "id"[0m  [["title", "Great Airline"], ["description", "I had a lovely time"], ["score", 5], ["airline_id", 1], ["created_at", "2020-12-17 19:14:15.169620"], ["updated_at", "2020-12-17 19:14:15.169620"]]
  [1m[36mTRANSACTION (1.5ms)[0m  [1m[35mCOMMIT[0m
  [1m[36mAirline Load (0.5ms)[0m  [1m[34mSELECT "airlines".* FROM "airlines" ORDER BY "airlines"."id" ASC LIMIT $1[0m  [["LIMIT", 1]]
  [1m[35m (5.0ms)[0m  [1m[34mSELECT COUNT(*) FROM "airlines"[0m
  [1m[35m (0.7ms)[0m  [1m[34mSELECT COUNT(*) FROM "reviews"[0m
  [1m[36mAirline Load (5.6ms)[0m  [1m[34mSELECT "airlines".* FROM "airlines" ORDER BY "airlines"."id" ASC LIMIT $1[0m  [["LIMIT", 1]]
  [1m[36mReview Load (0.3ms)[0m  [1m[34mSELECT "reviews".* FROM "reviews" WHERE "reviews"."airline_id" = $1 /* loading for inspect */ LIMIT $2[0m  [["airline_id", 1], ["LIMIT", 11]]
  [1m[35m (0.6ms)[0m  [1m[34mSELECT COUNT(*) FROM "reviews" WHERE "reviews"."airline_id" = $1[0m  [["airline_id", 1]]
Started GET "/api/v1/airlines.json" for ::1 at 2020-12-18 11:32:15 +0530
  [1m[35m (9.2ms)[0m  [1m[34mSELECT "schema_migrations"."version" FROM "schema_migrations" ORDER BY "schema_migrations"."version" ASC[0m
  
SyntaxError (/Users/nikhilagarwal/wade_watts/web/ruby_on_rails/open-flights/app/controllers/api/v1/airlines_controller.rb:1: class/module name must be CONSTANT
module api
       ^~~
/Users/nikhilagarwal/wade_watts/web/ruby_on_rails/open-flights/app/controllers/api/v1/airlines_controller.rb:2: class/module name must be CONSTANT
  module v1
         ^~):
  
app/controllers/api/v1/airlines_controller.rb:1: class/module name must be CONSTANT
app/controllers/api/v1/airlines_controller.rb:2: class/module name must be CONSTANT
app/controllers/api/v1/airlines_controller.rb:1: class/module name must be CONSTANT
app/controllers/api/v1/airlines_controller.rb:2: class/module name must be CONSTANT
app/controllers/api/v1/airlines_controller.rb:1: class/module name must be CONSTANT
app/controllers/api/v1/airlines_controller.rb:2: class/module name must be CONSTANT
Started GET "/api/v1/airlines.json" for ::1 at 2020-12-18 11:33:22 +0530
  
SyntaxError (/Users/nikhilagarwal/wade_watts/web/ruby_on_rails/open-flights/app/controllers/api/v1/airlines_controller.rb:1: class/module name must be CONSTANT
module api
       ^~~
/Users/nikhilagarwal/wade_watts/web/ruby_on_rails/open-flights/app/controllers/api/v1/airlines_controller.rb:2: class/module name must be CONSTANT
  module v1
         ^~):
  
app/controllers/api/v1/airlines_controller.rb:1: class/module name must be CONSTANT
app/controllers/api/v1/airlines_controller.rb:2: class/module name must be CONSTANT
app/controllers/api/v1/airlines_controller.rb:1: class/module name must be CONSTANT
app/controllers/api/v1/airlines_controller.rb:2: class/module name must be CONSTANT
app/controllers/api/v1/airlines_controller.rb:1: class/module name must be CONSTANT
app/controllers/api/v1/airlines_controller.rb:2: class/module name must be CONSTANT
Started GET "/api/v1/airlines.json" for ::1 at 2020-12-18 11:33:54 +0530
  [1m[35m (2.0ms)[0m  [1m[34mSELECT "schema_migrations"."version" FROM "schema_migrations" ORDER BY "schema_migrations"."version" ASC[0m
  
SyntaxError (/Users/nikhilagarwal/wade_watts/web/ruby_on_rails/open-flights/app/controllers/api/v1/airlines_controller.rb:1: class/module name must be CONSTANT
module api
       ^~~
/Users/nikhilagarwal/wade_watts/web/ruby_on_rails/open-flights/app/controllers/api/v1/airlines_controller.rb:2: class/module name must be CONSTANT
  module v1
         ^~):
  
app/controllers/api/v1/airlines_controller.rb:1: class/module name must be CONSTANT
app/controllers/api/v1/airlines_controller.rb:2: class/module name must be CONSTANT
app/controllers/api/v1/airlines_controller.rb:1: class/module name must be CONSTANT
app/controllers/api/v1/airlines_controller.rb:2: class/module name must be CONSTANT
app/controllers/api/v1/airlines_controller.rb:1: class/module name must be CONSTANT
app/controllers/api/v1/airlines_controller.rb:2: class/module name must be CONSTANT
Started GET "/api/v1/airlines.json" for ::1 at 2020-12-18 11:34:12 +0530
  
NameError (undefined local variable or method `priavte' for Api::V1::AirlinesController:Class
Did you mean?  private):
  
app/controllers/api/v1/airlines_controller.rb:47:in `<class:AirlinesController>'
app/controllers/api/v1/airlines_controller.rb:3:in `<module:V1>'
app/controllers/api/v1/airlines_controller.rb:2:in `<module:Api>'
app/controllers/api/v1/airlines_controller.rb:1:in `<main>'
Started GET "/api/v1/airlines.json" for ::1 at 2020-12-18 11:36:49 +0530
Processing by Api::V1::AirlinesController#index as JSON
  [1m[36mAirline Load (1.7ms)[0m  [1m[34mSELECT "airlines".* FROM "airlines"[0m
  ↳ app/controllers/api/v1/airlines_controller.rb:7:in `index'
  [1m[35m (1.2ms)[0m  [1m[34mSELECT "reviews"."id" FROM "reviews" WHERE "reviews"."airline_id" = $1[0m  [["airline_id", 1]]
  ↳ app/controllers/api/v1/airlines_controller.rb:7:in `index'
  [1m[36mReview Load (2.0ms)[0m  [1m[34mSELECT "reviews".* FROM "reviews" WHERE "reviews"."airline_id" = $1[0m  [["airline_id", 1]]
  ↳ app/controllers/api/v1/airlines_controller.rb:7:in `index'
  [1m[35m (0.9ms)[0m  [1m[34mSELECT "reviews"."id" FROM "reviews" WHERE "reviews"."airline_id" = $1[0m  [["airline_id", 2]]
  ↳ app/controllers/api/v1/airlines_controller.rb:7:in `index'
  [1m[36mReview Load (1.0ms)[0m  [1m[34mSELECT "reviews".* FROM "reviews" WHERE "reviews"."airline_id" = $1[0m  [["airline_id", 2]]
  ↳ app/controllers/api/v1/airlines_controller.rb:7:in `index'
  [1m[35m (1.4ms)[0m  [1m[34mSELECT "reviews"."id" FROM "reviews" WHERE "reviews"."airline_id" = $1[0m  [["airline_id", 3]]
  ↳ app/controllers/api/v1/airlines_controller.rb:7:in `index'
  [1m[36mReview Load (2.1ms)[0m  [1m[34mSELECT "reviews".* FROM "reviews" WHERE "reviews"."airline_id" = $1[0m  [["airline_id", 3]]
  ↳ app/controllers/api/v1/airlines_controller.rb:7:in `index'
  [1m[35m (2.5ms)[0m  [1m[34mSELECT "reviews"."id" FROM "reviews" WHERE "reviews"."airline_id" = $1[0m  [["airline_id", 4]]
  ↳ app/controllers/api/v1/airlines_controller.rb:7:in `index'
  [1m[36mReview Load (1.3ms)[0m  [1m[34mSELECT "reviews".* FROM "reviews" WHERE "reviews"."airline_id" = $1[0m  [["airline_id", 4]]
  ↳ app/controllers/api/v1/airlines_controller.rb:7:in `index'
  [1m[35m (1.4ms)[0m  [1m[34mSELECT "reviews"."id" FROM "reviews" WHERE "reviews"."airline_id" = $1[0m  [["airline_id", 5]]
  ↳ app/controllers/api/v1/airlines_controller.rb:7:in `index'
  [1m[36mReview Load (1.4ms)[0m  [1m[34mSELECT "reviews".* FROM "reviews" WHERE "reviews"."airline_id" = $1[0m  [["airline_id", 5]]
  ↳ app/controllers/api/v1/airlines_controller.rb:7:in `index'
  [1m[35m (1.7ms)[0m  [1m[34mSELECT "reviews"."id" FROM "reviews" WHERE "reviews"."airline_id" = $1[0m  [["airline_id", 6]]
  ↳ app/controllers/api/v1/airlines_controller.rb:7:in `index'
  [1m[36mReview Load (5.9ms)[0m  [1m[34mSELECT "reviews".* FROM "reviews" WHERE "reviews"."airline_id" = $1[0m  [["airline_id", 6]]
  ↳ app/controllers/api/v1/airlines_controller.rb:7:in `index'
Completed 200 OK in 221ms (Views: 0.2ms | ActiveRecord: 66.8ms | Allocations: 26840)


Started GET "/api/v1/airlines" for ::1 at 2020-12-18 12:19:48 +0530
Processing by Api::V1::AirlinesController#index as */*
  [1m[36mAirline Load (5.4ms)[0m  [1m[34mSELECT "airlines".* FROM "airlines"[0m
  ↳ app/controllers/api/v1/airlines_controller.rb:7:in `index'
  [1m[35m (1.6ms)[0m  [1m[34mSELECT "reviews"."id" FROM "reviews" WHERE "reviews"."airline_id" = $1[0m  [["airline_id", 1]]
  ↳ app/controllers/api/v1/airlines_controller.rb:7:in `index'
  [1m[36mReview Load (1.0ms)[0m  [1m[34mSELECT "reviews".* FROM "reviews" WHERE "reviews"."airline_id" = $1[0m  [["airline_id", 1]]
  ↳ app/controllers/api/v1/airlines_controller.rb:7:in `index'
  [1m[35m (1.8ms)[0m  [1m[34mSELECT "reviews"."id" FROM "reviews" WHERE "reviews"."airline_id" = $1[0m  [["airline_id", 2]]
  ↳ app/controllers/api/v1/airlines_controller.rb:7:in `index'
  [1m[36mReview Load (2.5ms)[0m  [1m[34mSELECT "reviews".* FROM "reviews" WHERE "reviews"."airline_id" = $1[0m  [["airline_id", 2]]
  ↳ app/controllers/api/v1/airlines_controller.rb:7:in `index'
  [1m[35m (1.2ms)[0m  [1m[34mSELECT "reviews"."id" FROM "reviews" WHERE "reviews"."airline_id" = $1[0m  [["airline_id", 3]]
  ↳ app/controllers/api/v1/airlines_controller.rb:7:in `index'
  [1m[36mReview Load (1.0ms)[0m  [1m[34mSELECT "reviews".* FROM "reviews" WHERE "reviews"."airline_id" = $1[0m  [["airline_id", 3]]
  ↳ app/controllers/api/v1/airlines_controller.rb:7:in `index'
  [1m[35m (1.2ms)[0m  [1m[34mSELECT "reviews"."id" FROM "reviews" WHERE "reviews"."airline_id" = $1[0m  [["airline_id", 4]]
  ↳ app/controllers/api/v1/airlines_controller.rb:7:in `index'
  [1m[36mReview Load (3.7ms)[0m  [1m[34mSELECT "reviews".* FROM "reviews" WHERE "reviews"."airline_id" = $1[0m  [["airline_id", 4]]
  ↳ app/controllers/api/v1/airlines_controller.rb:7:in `index'
  [1m[35m (1.6ms)[0m  [1m[34mSELECT "reviews"."id" FROM "reviews" WHERE "reviews"."airline_id" = $1[0m  [["airline_id", 5]]
  ↳ app/controllers/api/v1/airlines_controller.rb:7:in `index'
  [1m[36mReview Load (1.2ms)[0m  [1m[34mSELECT "reviews".* FROM "reviews" WHERE "reviews"."airline_id" = $1[0m  [["airline_id", 5]]
  ↳ app/controllers/api/v1/airlines_controller.rb:7:in `index'
  [1m[35m (1.2ms)[0m  [1m[34mSELECT "reviews"."id" FROM "reviews" WHERE "reviews"."airline_id" = $1[0m  [["airline_id", 6]]
  ↳ app/controllers/api/v1/airlines_controller.rb:7:in `index'
  [1m[36mReview Load (4.2ms)[0m  [1m[34mSELECT "reviews".* FROM "reviews" WHERE "reviews"."airline_id" = $1[0m  [["airline_id", 6]]
  ↳ app/controllers/api/v1/airlines_controller.rb:7:in `index'
Completed 200 OK in 183ms (Views: 0.6ms | ActiveRecord: 62.6ms | Allocations: 14266)


Started GET "/api/v1/airlines/united-airlines" for ::1 at 2020-12-18 12:20:04 +0530
Processing by Api::V1::AirlinesController#show as */*
  Parameters: {"slug"=>"united-airlines"}
  [1m[36mAirline Load (4.4ms)[0m  [1m[34mSELECT "airlines".* FROM "airlines" WHERE "airlines"."slug" = $1 LIMIT $2[0m  [["slug", "united-airlines"], ["LIMIT", 1]]
  ↳ app/controllers/api/v1/airlines_controller.rb:11:in `show'
  [1m[35m (8.3ms)[0m  [1m[34mSELECT "reviews"."id" FROM "reviews" WHERE "reviews"."airline_id" = $1[0m  [["airline_id", 1]]
  ↳ app/controllers/api/v1/airlines_controller.rb:13:in `show'
  [1m[36mReview Load (2.0ms)[0m  [1m[34mSELECT "reviews".* FROM "reviews" WHERE "reviews"."airline_id" = $1[0m  [["airline_id", 1]]
  ↳ app/controllers/api/v1/airlines_controller.rb:13:in `show'
Completed 200 OK in 67ms (Views: 0.2ms | ActiveRecord: 14.7ms | Allocations: 2828)


Started GET "/api/v1/airline" for ::1 at 2020-12-19 01:04:47 +0530
  [1m[35m (9.5ms)[0m  [1m[34mSELECT "schema_migrations"."version" FROM "schema_migrations" ORDER BY "schema_migrations"."version" ASC[0m
Processing by PagesController#index as */*
  Parameters: {"path"=>"api/v1/airline"}
No template found for PagesController#index, rendering head :no_content
Completed 204 No Content in 42ms (ActiveRecord: 0.0ms | Allocations: 2584)


Started GET "/api/v1/airlines" for ::1 at 2020-12-19 01:05:22 +0530
Processing by Api::V1::AirlinesController#index as */*
  [1m[36mAirline Load (2.2ms)[0m  [1m[34mSELECT "airlines".* FROM "airlines"[0m
  ↳ app/controllers/api/v1/airlines_controller.rb:7:in `index'
  [1m[35m (1.6ms)[0m  [1m[34mSELECT "reviews"."id" FROM "reviews" WHERE "reviews"."airline_id" = $1[0m  [["airline_id", 1]]
  ↳ app/controllers/api/v1/airlines_controller.rb:7:in `index'
  [1m[36mReview Load (1.5ms)[0m  [1m[34mSELECT "reviews".* FROM "reviews" WHERE "reviews"."airline_id" = $1[0m  [["airline_id", 1]]
  ↳ app/controllers/api/v1/airlines_controller.rb:7:in `index'
  [1m[35m (18.1ms)[0m  [1m[34mSELECT "reviews"."id" FROM "reviews" WHERE "reviews"."airline_id" = $1[0m  [["airline_id", 2]]
  ↳ app/controllers/api/v1/airlines_controller.rb:7:in `index'
  [1m[36mReview Load (1.5ms)[0m  [1m[34mSELECT "reviews".* FROM "reviews" WHERE "reviews"."airline_id" = $1[0m  [["airline_id", 2]]
  ↳ app/controllers/api/v1/airlines_controller.rb:7:in `index'
  [1m[35m (1.0ms)[0m  [1m[34mSELECT "reviews"."id" FROM "reviews" WHERE "reviews"."airline_id" = $1[0m  [["airline_id", 3]]
  ↳ app/controllers/api/v1/airlines_controller.rb:7:in `index'
  [1m[36mReview Load (1.2ms)[0m  [1m[34mSELECT "reviews".* FROM "reviews" WHERE "reviews"."airline_id" = $1[0m  [["airline_id", 3]]
  ↳ app/controllers/api/v1/airlines_controller.rb:7:in `index'
  [1m[35m (1.4ms)[0m  [1m[34mSELECT "reviews"."id" FROM "reviews" WHERE "reviews"."airline_id" = $1[0m  [["airline_id", 4]]
  ↳ app/controllers/api/v1/airlines_controller.rb:7:in `index'
  [1m[36mReview Load (2.9ms)[0m  [1m[34mSELECT "reviews".* FROM "reviews" WHERE "reviews"."airline_id" = $1[0m  [["airline_id", 4]]
  ↳ app/controllers/api/v1/airlines_controller.rb:7:in `index'
  [1m[35m (1.5ms)[0m  [1m[34mSELECT "reviews"."id" FROM "reviews" WHERE "reviews"."airline_id" = $1[0m  [["airline_id", 5]]
  ↳ app/controllers/api/v1/airlines_controller.rb:7:in `index'
  [1m[36mReview Load (1.5ms)[0m  [1m[34mSELECT "reviews".* FROM "reviews" WHERE "reviews"."airline_id" = $1[0m  [["airline_id", 5]]
  ↳ app/controllers/api/v1/airlines_controller.rb:7:in `index'
  [1m[35m (7.2ms)[0m  [1m[34mSELECT "reviews"."id" FROM "reviews" WHERE "reviews"."airline_id" = $1[0m  [["airline_id", 6]]
  ↳ app/controllers/api/v1/airlines_controller.rb:7:in `index'
  [1m[36mReview Load (1.1ms)[0m  [1m[34mSELECT "reviews".* FROM "reviews" WHERE "reviews"."airline_id" = $1[0m  [["airline_id", 6]]
  ↳ app/controllers/api/v1/airlines_controller.rb:7:in `index'
Completed 200 OK in 254ms (Views: 0.4ms | ActiveRecord: 91.2ms | Allocations: 24958)


Started GET "/api/v1/airlines/united-airlines" for ::1 at 2020-12-19 01:06:20 +0530
Processing by Api::V1::AirlinesController#show as */*
  Parameters: {"slug"=>"united-airlines"}
  [1m[36mAirline Load (12.8ms)[0m  [1m[34mSELECT "airlines".* FROM "airlines" WHERE "airlines"."slug" = $1 LIMIT $2[0m  [["slug", "united-airlines"], ["LIMIT", 1]]
  ↳ app/controllers/api/v1/airlines_controller.rb:11:in `show'
  [1m[35m (8.7ms)[0m  [1m[34mSELECT "reviews"."id" FROM "reviews" WHERE "reviews"."airline_id" = $1[0m  [["airline_id", 1]]
  ↳ app/controllers/api/v1/airlines_controller.rb:13:in `show'
  [1m[36mReview Load (21.4ms)[0m  [1m[34mSELECT "reviews".* FROM "reviews" WHERE "reviews"."airline_id" = $1[0m  [["airline_id", 1]]
  ↳ app/controllers/api/v1/airlines_controller.rb:13:in `show'
Completed 200 OK in 117ms (Views: 0.7ms | ActiveRecord: 42.9ms | Allocations: 2813)


Started POST "/api/v1/airlines" for ::1 at 2020-12-19 01:20:13 +0530
Processing by Api::V1::AirlinesController#create as */*
  Parameters: {"name"=>"fake-airline", "airline"=>{"name"=>"fake-airline"}}
Can't verify CSRF token authenticity.
Completed 422 Unprocessable Entity in 3ms (Allocations: 392)


  
ActionController::InvalidAuthenticityToken (ActionController::InvalidAuthenticityToken):
  
actionpack (6.1.0) lib/action_controller/metal/request_forgery_protection.rb:211:in `handle_unverified_request'
actionpack (6.1.0) lib/action_controller/metal/request_forgery_protection.rb:243:in `handle_unverified_request'
actionpack (6.1.0) lib/action_controller/metal/request_forgery_protection.rb:238:in `verify_authenticity_token'
activesupport (6.1.0) lib/active_support/callbacks.rb:427:in `block in make_lambda'
activesupport (6.1.0) lib/active_support/callbacks.rb:198:in `block (2 levels) in halting'
actionpack (6.1.0) lib/abstract_controller/callbacks.rb:34:in `block (2 levels) in <module:Callbacks>'
activesupport (6.1.0) lib/active_support/callbacks.rb:199:in `block in halting'
activesupport (6.1.0) lib/active_support/callbacks.rb:512:in `block in invoke_before'
activesupport (6.1.0) lib/active_support/callbacks.rb:512:in `each'
activesupport (6.1.0) lib/active_support/callbacks.rb:512:in `invoke_before'
activesupport (6.1.0) lib/active_support/callbacks.rb:115:in `block in run_callbacks'
activesupport (6.1.0) lib/active_support/callbacks.rb:137:in `run_callbacks'
actionpack (6.1.0) lib/abstract_controller/callbacks.rb:41:in `process_action'
actionpack (6.1.0) lib/action_controller/metal/rescue.rb:22:in `process_action'
actionpack (6.1.0) lib/action_controller/metal/instrumentation.rb:34:in `block in process_action'
activesupport (6.1.0) lib/active_support/notifications.rb:203:in `block in instrument'
activesupport (6.1.0) lib/active_support/notifications/instrumenter.rb:24:in `instrument'
activesupport (6.1.0) lib/active_support/notifications.rb:203:in `instrument'
actionpack (6.1.0) lib/action_controller/metal/instrumentation.rb:33:in `process_action'
actionpack (6.1.0) lib/action_controller/metal/params_wrapper.rb:249:in `process_action'
activerecord (6.1.0) lib/active_record/railties/controller_runtime.rb:27:in `process_action'
actionpack (6.1.0) lib/abstract_controller/base.rb:165:in `process'
actionview (6.1.0) lib/action_view/rendering.rb:39:in `process'
actionpack (6.1.0) lib/action_controller/metal.rb:190:in `dispatch'
actionpack (6.1.0) lib/action_controller/metal.rb:254:in `dispatch'
actionpack (6.1.0) lib/action_dispatch/routing/route_set.rb:50:in `dispatch'
actionpack (6.1.0) lib/action_dispatch/routing/route_set.rb:33:in `serve'
actionpack (6.1.0) lib/action_dispatch/journey/router.rb:50:in `block in serve'
actionpack (6.1.0) lib/action_dispatch/journey/router.rb:32:in `each'
actionpack (6.1.0) lib/action_dispatch/journey/router.rb:32:in `serve'
actionpack (6.1.0) lib/action_dispatch/routing/route_set.rb:842:in `call'
rack (2.2.3) lib/rack/tempfile_reaper.rb:15:in `call'
rack (2.2.3) lib/rack/etag.rb:27:in `call'
rack (2.2.3) lib/rack/conditional_get.rb:40:in `call'
rack (2.2.3) lib/rack/head.rb:12:in `call'
actionpack (6.1.0) lib/action_dispatch/http/permissions_policy.rb:22:in `call'
actionpack (6.1.0) lib/action_dispatch/http/content_security_policy.rb:18:in `call'
rack (2.2.3) lib/rack/session/abstract/id.rb:266:in `context'
rack (2.2.3) lib/rack/session/abstract/id.rb:260:in `call'
actionpack (6.1.0) lib/action_dispatch/middleware/cookies.rb:689:in `call'
activerecord (6.1.0) lib/active_record/migration.rb:601:in `call'
actionpack (6.1.0) lib/action_dispatch/middleware/callbacks.rb:27:in `block in call'
activesupport (6.1.0) lib/active_support/callbacks.rb:98:in `run_callbacks'
actionpack (6.1.0) lib/action_dispatch/middleware/callbacks.rb:26:in `call'
actionpack (6.1.0) lib/action_dispatch/middleware/executor.rb:14:in `call'
actionpack (6.1.0) lib/action_dispatch/middleware/actionable_exceptions.rb:18:in `call'
actionpack (6.1.0) lib/action_dispatch/middleware/debug_exceptions.rb:29:in `call'
web-console (4.1.0) lib/web_console/middleware.rb:132:in `call_app'
web-console (4.1.0) lib/web_console/middleware.rb:28:in `block in call'
web-console (4.1.0) lib/web_console/middleware.rb:17:in `catch'
web-console (4.1.0) lib/web_console/middleware.rb:17:in `call'
actionpack (6.1.0) lib/action_dispatch/middleware/show_exceptions.rb:33:in `call'
railties (6.1.0) lib/rails/rack/logger.rb:37:in `call_app'
railties (6.1.0) lib/rails/rack/logger.rb:26:in `block in call'
activesupport (6.1.0) lib/active_support/tagged_logging.rb:99:in `block in tagged'
activesupport (6.1.0) lib/active_support/tagged_logging.rb:37:in `tagged'
activesupport (6.1.0) lib/active_support/tagged_logging.rb:99:in `tagged'
railties (6.1.0) lib/rails/rack/logger.rb:26:in `call'
sprockets-rails (3.2.2) lib/sprockets/rails/quiet_assets.rb:13:in `call'
actionpack (6.1.0) lib/action_dispatch/middleware/remote_ip.rb:81:in `call'
actionpack (6.1.0) lib/action_dispatch/middleware/request_id.rb:26:in `call'
rack (2.2.3) lib/rack/method_override.rb:24:in `call'
rack (2.2.3) lib/rack/runtime.rb:22:in `call'
activesupport (6.1.0) lib/active_support/cache/strategy/local_cache_middleware.rb:29:in `call'
actionpack (6.1.0) lib/action_dispatch/middleware/executor.rb:14:in `call'
actionpack (6.1.0) lib/action_dispatch/middleware/static.rb:24:in `call'
rack (2.2.3) lib/rack/sendfile.rb:110:in `call'
actionpack (6.1.0) lib/action_dispatch/middleware/host_authorization.rb:98:in `call'
rack-mini-profiler (2.2.0) lib/mini_profiler/profiler.rb:368:in `call'
webpacker (5.2.1) lib/webpacker/dev_server_proxy.rb:25:in `perform_request'
rack-proxy (0.6.5) lib/rack/proxy.rb:57:in `call'
railties (6.1.0) lib/rails/engine.rb:539:in `call'
puma (5.1.1) lib/puma/configuration.rb:246:in `call'
puma (5.1.1) lib/puma/request.rb:76:in `block in handle_request'
puma (5.1.1) lib/puma/thread_pool.rb:337:in `with_force_shutdown'
puma (5.1.1) lib/puma/request.rb:75:in `handle_request'
puma (5.1.1) lib/puma/server.rb:431:in `process_client'
puma (5.1.1) lib/puma/thread_pool.rb:145:in `block in spawn_thread'
Started POST "/api/v1/airlines" for ::1 at 2020-12-19 01:21:43 +0530
Processing by Api::V1::AirlinesController#create as */*
  Parameters: {"name"=>"fake-airline", "airline"=>{"name"=>"fake-airline"}}
Can't verify CSRF token authenticity.
  [1m[36mTRANSACTION (1.7ms)[0m  [1m[35mBEGIN[0m
  ↳ app/controllers/api/v1/airlines_controller.rb:20:in `create'
  [1m[36mAirline Create (1.9ms)[0m  [1m[32mINSERT INTO "airlines" ("name", "slug", "created_at", "updated_at") VALUES ($1, $2, $3, $4) RETURNING "id"[0m  [["name", "fake-airline"], ["slug", "fake-airline"], ["created_at", "2020-12-18 19:51:43.546420"], ["updated_at", "2020-12-18 19:51:43.546420"]]
  ↳ app/controllers/api/v1/airlines_controller.rb:20:in `create'
  [1m[36mTRANSACTION (14.2ms)[0m  [1m[35mCOMMIT[0m
  ↳ app/controllers/api/v1/airlines_controller.rb:20:in `create'
  [1m[35m (1.0ms)[0m  [1m[34mSELECT "reviews"."id" FROM "reviews" WHERE "reviews"."airline_id" = $1[0m  [["airline_id", 7]]
  ↳ app/controllers/api/v1/airlines_controller.rb:21:in `create'
Completed 200 OK in 117ms (Views: 0.2ms | ActiveRecord: 47.9ms | Allocations: 29941)


Started GET "/api/v1/airlines" for ::1 at 2020-12-19 01:22:09 +0530
Processing by Api::V1::AirlinesController#index as */*
  [1m[36mAirline Load (5.2ms)[0m  [1m[34mSELECT "airlines".* FROM "airlines"[0m
  ↳ app/controllers/api/v1/airlines_controller.rb:8:in `index'
  [1m[35m (1.7ms)[0m  [1m[34mSELECT "reviews"."id" FROM "reviews" WHERE "reviews"."airline_id" = $1[0m  [["airline_id", 1]]
  ↳ app/controllers/api/v1/airlines_controller.rb:8:in `index'
  [1m[36mReview Load (1.5ms)[0m  [1m[34mSELECT "reviews".* FROM "reviews" WHERE "reviews"."airline_id" = $1[0m  [["airline_id", 1]]
  ↳ app/controllers/api/v1/airlines_controller.rb:8:in `index'
  [1m[35m (1.0ms)[0m  [1m[34mSELECT "reviews"."id" FROM "reviews" WHERE "reviews"."airline_id" = $1[0m  [["airline_id", 2]]
  ↳ app/controllers/api/v1/airlines_controller.rb:8:in `index'
  [1m[36mReview Load (10.8ms)[0m  [1m[34mSELECT "reviews".* FROM "reviews" WHERE "reviews"."airline_id" = $1[0m  [["airline_id", 2]]
  ↳ app/controllers/api/v1/airlines_controller.rb:8:in `index'
  [1m[35m (1.4ms)[0m  [1m[34mSELECT "reviews"."id" FROM "reviews" WHERE "reviews"."airline_id" = $1[0m  [["airline_id", 3]]
  ↳ app/controllers/api/v1/airlines_controller.rb:8:in `index'
  [1m[36mReview Load (0.9ms)[0m  [1m[34mSELECT "reviews".* FROM "reviews" WHERE "reviews"."airline_id" = $1[0m  [["airline_id", 3]]
  ↳ app/controllers/api/v1/airlines_controller.rb:8:in `index'
  [1m[35m (7.8ms)[0m  [1m[34mSELECT "reviews"."id" FROM "reviews" WHERE "reviews"."airline_id" = $1[0m  [["airline_id", 4]]
  ↳ app/controllers/api/v1/airlines_controller.rb:8:in `index'
  [1m[36mReview Load (5.8ms)[0m  [1m[34mSELECT "reviews".* FROM "reviews" WHERE "reviews"."airline_id" = $1[0m  [["airline_id", 4]]
  ↳ app/controllers/api/v1/airlines_controller.rb:8:in `index'
  [1m[35m (23.2ms)[0m  [1m[34mSELECT "reviews"."id" FROM "reviews" WHERE "reviews"."airline_id" = $1[0m  [["airline_id", 5]]
  ↳ app/controllers/api/v1/airlines_controller.rb:8:in `index'
  [1m[36mReview Load (10.7ms)[0m  [1m[34mSELECT "reviews".* FROM "reviews" WHERE "reviews"."airline_id" = $1[0m  [["airline_id", 5]]
  ↳ app/controllers/api/v1/airlines_controller.rb:8:in `index'
  [1m[35m (1.3ms)[0m  [1m[34mSELECT "reviews"."id" FROM "reviews" WHERE "reviews"."airline_id" = $1[0m  [["airline_id", 6]]
  ↳ app/controllers/api/v1/airlines_controller.rb:8:in `index'
  [1m[36mReview Load (19.1ms)[0m  [1m[34mSELECT "reviews".* FROM "reviews" WHERE "reviews"."airline_id" = $1[0m  [["airline_id", 6]]
  ↳ app/controllers/api/v1/airlines_controller.rb:8:in `index'
  [1m[35m (1.9ms)[0m  [1m[34mSELECT "reviews"."id" FROM "reviews" WHERE "reviews"."airline_id" = $1[0m  [["airline_id", 7]]
  ↳ app/controllers/api/v1/airlines_controller.rb:8:in `index'
  [1m[36mReview Load (1.6ms)[0m  [1m[34mSELECT "reviews".* FROM "reviews" WHERE "reviews"."airline_id" = $1[0m  [["airline_id", 7]]
  ↳ app/controllers/api/v1/airlines_controller.rb:8:in `index'
Completed 200 OK in 146ms (Views: 0.1ms | ActiveRecord: 94.1ms | Allocations: 16582)


Started DELETE "/api/v1/airlines" for ::1 at 2020-12-19 01:23:35 +0530
  
ActionController::RoutingError (No route matches [DELETE] "/api/v1/airlines"):
  
Started DELETE "/api/v1/airlines/fake-airline" for ::1 at 2020-12-19 01:23:51 +0530
Processing by Api::V1::AirlinesController#destroy as */*
  Parameters: {"slug"=>"fake-airline"}
Can't verify CSRF token authenticity.
  [1m[36mAirline Load (3.4ms)[0m  [1m[34mSELECT "airlines".* FROM "airlines" WHERE "airlines"."slug" = $1 LIMIT $2[0m  [["slug", "fake-airline"], ["LIMIT", 1]]
  ↳ app/controllers/api/v1/airlines_controller.rb:38:in `destroy'
  [1m[36mTRANSACTION (1.5ms)[0m  [1m[35mBEGIN[0m
  ↳ app/controllers/api/v1/airlines_controller.rb:40:in `destroy'
  [1m[36mAirline Destroy (2.9ms)[0m  [1m[31mDELETE FROM "airlines" WHERE "airlines"."id" = $1[0m  [["id", 7]]
  ↳ app/controllers/api/v1/airlines_controller.rb:40:in `destroy'
  [1m[36mTRANSACTION (6.7ms)[0m  [1m[35mCOMMIT[0m
  ↳ app/controllers/api/v1/airlines_controller.rb:40:in `destroy'
Completed 204 No Content in 38ms (ActiveRecord: 14.5ms | Allocations: 2756)


Started GET "/api/v1/airlines" for ::1 at 2020-12-19 01:23:59 +0530
Processing by Api::V1::AirlinesController#index as */*
  [1m[36mAirline Load (1.4ms)[0m  [1m[34mSELECT "airlines".* FROM "airlines"[0m
  ↳ app/controllers/api/v1/airlines_controller.rb:8:in `index'
  [1m[35m (2.1ms)[0m  [1m[34mSELECT "reviews"."id" FROM "reviews" WHERE "reviews"."airline_id" = $1[0m  [["airline_id", 1]]
  ↳ app/controllers/api/v1/airlines_controller.rb:8:in `index'
  [1m[36mReview Load (2.5ms)[0m  [1m[34mSELECT "reviews".* FROM "reviews" WHERE "reviews"."airline_id" = $1[0m  [["airline_id", 1]]
  ↳ app/controllers/api/v1/airlines_controller.rb:8:in `index'
  [1m[35m (1.1ms)[0m  [1m[34mSELECT "reviews"."id" FROM "reviews" WHERE "reviews"."airline_id" = $1[0m  [["airline_id", 2]]
  ↳ app/controllers/api/v1/airlines_controller.rb:8:in `index'
  [1m[36mReview Load (0.9ms)[0m  [1m[34mSELECT "reviews".* FROM "reviews" WHERE "reviews"."airline_id" = $1[0m  [["airline_id", 2]]
  ↳ app/controllers/api/v1/airlines_controller.rb:8:in `index'
  [1m[35m (1.2ms)[0m  [1m[34mSELECT "reviews"."id" FROM "reviews" WHERE "reviews"."airline_id" = $1[0m  [["airline_id", 3]]
  ↳ app/controllers/api/v1/airlines_controller.rb:8:in `index'
  [1m[36mReview Load (4.1ms)[0m  [1m[34mSELECT "reviews".* FROM "reviews" WHERE "reviews"."airline_id" = $1[0m  [["airline_id", 3]]
  ↳ app/controllers/api/v1/airlines_controller.rb:8:in `index'
  [1m[35m (1.5ms)[0m  [1m[34mSELECT "reviews"."id" FROM "reviews" WHERE "reviews"."airline_id" = $1[0m  [["airline_id", 4]]
  ↳ app/controllers/api/v1/airlines_controller.rb:8:in `index'
  [1m[36mReview Load (0.9ms)[0m  [1m[34mSELECT "reviews".* FROM "reviews" WHERE "reviews"."airline_id" = $1[0m  [["airline_id", 4]]
  ↳ app/controllers/api/v1/airlines_controller.rb:8:in `index'
  [1m[35m (10.7ms)[0m  [1m[34mSELECT "reviews"."id" FROM "reviews" WHERE "reviews"."airline_id" = $1[0m  [["airline_id", 5]]
  ↳ app/controllers/api/v1/airlines_controller.rb:8:in `index'
  [1m[36mReview Load (1.1ms)[0m  [1m[34mSELECT "reviews".* FROM "reviews" WHERE "reviews"."airline_id" = $1[0m  [["airline_id", 5]]
  ↳ app/controllers/api/v1/airlines_controller.rb:8:in `index'
  [1m[35m (0.8ms)[0m  [1m[34mSELECT "reviews"."id" FROM "reviews" WHERE "reviews"."airline_id" = $1[0m  [["airline_id", 6]]
  ↳ app/controllers/api/v1/airlines_controller.rb:8:in `index'
  [1m[36mReview Load (11.7ms)[0m  [1m[34mSELECT "reviews".* FROM "reviews" WHERE "reviews"."airline_id" = $1[0m  [["airline_id", 6]]
  ↳ app/controllers/api/v1/airlines_controller.rb:8:in `index'
Completed 200 OK in 91ms (Views: 0.2ms | ActiveRecord: 39.9ms | Allocations: 11025)


Started GET "/api/login" for ::1 at 2020-12-19 01:27:37 +0530
Processing by PagesController#index as HTML
  Parameters: {"path"=>"api/login"}
Completed 406 Not Acceptable in 3ms (ActiveRecord: 0.0ms | Allocations: 1083)


  
ActionController::MissingExactTemplate (PagesController#index is missing a template for request formats: text/html):
  
actionpack (6.1.0) lib/action_controller/metal/implicit_render.rb:45:in `default_render'
actionpack (6.1.0) lib/action_controller/metal/basic_implicit_render.rb:6:in `block in send_action'
actionpack (6.1.0) lib/action_controller/metal/basic_implicit_render.rb:6:in `tap'
actionpack (6.1.0) lib/action_controller/metal/basic_implicit_render.rb:6:in `send_action'
actionpack (6.1.0) lib/abstract_controller/base.rb:228:in `process_action'
actionpack (6.1.0) lib/action_controller/metal/rendering.rb:30:in `process_action'
actionpack (6.1.0) lib/abstract_controller/callbacks.rb:42:in `block in process_action'
activesupport (6.1.0) lib/active_support/callbacks.rb:117:in `block in run_callbacks'
actiontext (6.1.0) lib/action_text/rendering.rb:20:in `with_renderer'
actiontext (6.1.0) lib/action_text/engine.rb:55:in `block (4 levels) in <class:Engine>'
activesupport (6.1.0) lib/active_support/callbacks.rb:126:in `instance_exec'
activesupport (6.1.0) lib/active_support/callbacks.rb:126:in `block in run_callbacks'
activesupport (6.1.0) lib/active_support/callbacks.rb:137:in `run_callbacks'
actionpack (6.1.0) lib/abstract_controller/callbacks.rb:41:in `process_action'
actionpack (6.1.0) lib/action_controller/metal/rescue.rb:22:in `process_action'
actionpack (6.1.0) lib/action_controller/metal/instrumentation.rb:34:in `block in process_action'
activesupport (6.1.0) lib/active_support/notifications.rb:203:in `block in instrument'
activesupport (6.1.0) lib/active_support/notifications/instrumenter.rb:24:in `instrument'
activesupport (6.1.0) lib/active_support/notifications.rb:203:in `instrument'
actionpack (6.1.0) lib/action_controller/metal/instrumentation.rb:33:in `process_action'
actionpack (6.1.0) lib/action_controller/metal/params_wrapper.rb:249:in `process_action'
activerecord (6.1.0) lib/active_record/railties/controller_runtime.rb:27:in `process_action'
actionpack (6.1.0) lib/abstract_controller/base.rb:165:in `process'
actionview (6.1.0) lib/action_view/rendering.rb:39:in `process'
actionpack (6.1.0) lib/action_controller/metal.rb:190:in `dispatch'
actionpack (6.1.0) lib/action_controller/metal.rb:254:in `dispatch'
actionpack (6.1.0) lib/action_dispatch/routing/route_set.rb:50:in `dispatch'
actionpack (6.1.0) lib/action_dispatch/routing/route_set.rb:33:in `serve'
actionpack (6.1.0) lib/action_dispatch/journey/router.rb:50:in `block in serve'
actionpack (6.1.0) lib/action_dispatch/journey/router.rb:32:in `each'
actionpack (6.1.0) lib/action_dispatch/journey/router.rb:32:in `serve'
actionpack (6.1.0) lib/action_dispatch/routing/route_set.rb:842:in `call'
rack (2.2.3) lib/rack/tempfile_reaper.rb:15:in `call'
rack (2.2.3) lib/rack/etag.rb:27:in `call'
rack (2.2.3) lib/rack/conditional_get.rb:27:in `call'
rack (2.2.3) lib/rack/head.rb:12:in `call'
actionpack (6.1.0) lib/action_dispatch/http/permissions_policy.rb:22:in `call'
actionpack (6.1.0) lib/action_dispatch/http/content_security_policy.rb:18:in `call'
rack (2.2.3) lib/rack/session/abstract/id.rb:266:in `context'
rack (2.2.3) lib/rack/session/abstract/id.rb:260:in `call'
actionpack (6.1.0) lib/action_dispatch/middleware/cookies.rb:689:in `call'
activerecord (6.1.0) lib/active_record/migration.rb:601:in `call'
actionpack (6.1.0) lib/action_dispatch/middleware/callbacks.rb:27:in `block in call'
activesupport (6.1.0) lib/active_support/callbacks.rb:98:in `run_callbacks'
actionpack (6.1.0) lib/action_dispatch/middleware/callbacks.rb:26:in `call'
actionpack (6.1.0) lib/action_dispatch/middleware/executor.rb:14:in `call'
actionpack (6.1.0) lib/action_dispatch/middleware/actionable_exceptions.rb:18:in `call'
actionpack (6.1.0) lib/action_dispatch/middleware/debug_exceptions.rb:29:in `call'
web-console (4.1.0) lib/web_console/middleware.rb:132:in `call_app'
web-console (4.1.0) lib/web_console/middleware.rb:28:in `block in call'
web-console (4.1.0) lib/web_console/middleware.rb:17:in `catch'
web-console (4.1.0) lib/web_console/middleware.rb:17:in `call'
actionpack (6.1.0) lib/action_dispatch/middleware/show_exceptions.rb:33:in `call'
railties (6.1.0) lib/rails/rack/logger.rb:37:in `call_app'
railties (6.1.0) lib/rails/rack/logger.rb:26:in `block in call'
activesupport (6.1.0) lib/active_support/tagged_logging.rb:99:in `block in tagged'
activesupport (6.1.0) lib/active_support/tagged_logging.rb:37:in `tagged'
activesupport (6.1.0) lib/active_support/tagged_logging.rb:99:in `tagged'
railties (6.1.0) lib/rails/rack/logger.rb:26:in `call'
sprockets-rails (3.2.2) lib/sprockets/rails/quiet_assets.rb:13:in `call'
actionpack (6.1.0) lib/action_dispatch/middleware/remote_ip.rb:81:in `call'
actionpack (6.1.0) lib/action_dispatch/middleware/request_id.rb:26:in `call'
rack (2.2.3) lib/rack/method_override.rb:24:in `call'
rack (2.2.3) lib/rack/runtime.rb:22:in `call'
activesupport (6.1.0) lib/active_support/cache/strategy/local_cache_middleware.rb:29:in `call'
actionpack (6.1.0) lib/action_dispatch/middleware/executor.rb:14:in `call'
actionpack (6.1.0) lib/action_dispatch/middleware/static.rb:24:in `call'
rack (2.2.3) lib/rack/sendfile.rb:110:in `call'
actionpack (6.1.0) lib/action_dispatch/middleware/host_authorization.rb:98:in `call'
rack-mini-profiler (2.2.0) lib/mini_profiler/profiler.rb:368:in `call'
webpacker (5.2.1) lib/webpacker/dev_server_proxy.rb:25:in `perform_request'
rack-proxy (0.6.5) lib/rack/proxy.rb:57:in `call'
railties (6.1.0) lib/rails/engine.rb:539:in `call'
puma (5.1.1) lib/puma/configuration.rb:246:in `call'
puma (5.1.1) lib/puma/request.rb:76:in `block in handle_request'
puma (5.1.1) lib/puma/thread_pool.rb:337:in `with_force_shutdown'
puma (5.1.1) lib/puma/request.rb:75:in `handle_request'
puma (5.1.1) lib/puma/server.rb:431:in `process_client'
puma (5.1.1) lib/puma/thread_pool.rb:145:in `block in spawn_thread'
